# configure exec: ./configure --prefix=/Users/siddharthaneerukonda/Desktop/projects/node_projects/node_with_kafka/node_modules/node-rdkafka/build/deps --libdir=/Users/siddharthaneerukonda/Desktop/projects/node_projects/node_with_kafka/node_modules/node-rdkafka/build/deps --prefix=/Users/siddharthaneerukonda/Desktop/projects/node_projects/node_with_kafka/node_modules/node-rdkafka/build/deps --libdir=/Users/siddharthaneerukonda/Desktop/projects/node_projects/node_with_kafka/node_modules/node-rdkafka/build/deps
# On Wed Jun  5 23:52:53 EDT 2024
DBG 10344: Setting distro (distro) status to ok (action ignore)
DBG 10344: ccenv: WITH_CC:  --version failed: mklove/modules/configure.base: line 1824: --version: command not found
DBG 10344: Setting ccenv (ccenv) status to failed (action cont)
DBG 10344: Check ccenv (WITH_CC, action cont (originally cont)) failed: command ' --version' failed:
mklove/modules/configure.base: line 1824: --version: command not found
DBG 10344: Setting gcc (gcc) status to ok (action cont)
DBG 10344: cxxenv: WITH_CXX:  --version failed: mklove/modules/configure.base: line 1824: --version: command not found
DBG 10344: Setting cxxenv (cxxenv) status to failed (action cont)
DBG 10344: Check cxxenv (WITH_CXX, action cont (originally cont)) failed: command ' --version' failed:
mklove/modules/configure.base: line 1824: --version: command not found
DBG 10344: Setting gxx (gxx) status to ok (action cont)
DBG 10344: Setting ld (ld) status to ok (action disable)
DBG 10344: Setting nm (nm) status to ok (action disable)
DBG 10344: Setting objdump (objdump) status to ok (action disable)
DBG 10344: Setting strip (strip) status to ok (action disable)
DBG 10344: Setting libtool (libtool) status to ok (action disable)
DBG 10344: Setting ranlib (ranlib) status to ok (action disable)
DBG 10344: Compile check cc_g_dwarf () (sub=0): gcc   -Wall -Werror _mkltmp9Dlp8q.c -o _mkltmp9Dlp8q.c.o  -L/Users/siddharthaneerukonda/Desktop/projects/node_projects/node_with_kafka/node_modules/node-rdkafka/build/deps -gstrict-dwarf 
DBG 10344: Setting cc_g_dwarf (cc_g_dwarf) status to ok (action cont)
DBG 10344: pkgconfig: WITH_PKGCONFIG: pkg-config --version failed: mklove/modules/configure.base: line 1824: pkg-config: command not found
DBG 10344: Setting pkgconfig (pkgconfig) status to failed (action cont)
DBG 10344: Check pkgconfig (WITH_PKGCONFIG, action cont (originally cont)) failed: command 'pkg-config --version' failed:
mklove/modules/configure.base: line 1824: pkg-config: command not found
DBG 10344: install: WITH_INSTALL: /usr/bin/install --version failed: /usr/bin/install: illegal option -- -
usage: install [-bCcpSsv] [-B suffix] [-f flags] [-g group] [-m mode]
               [-o owner] file1 file2
       install [-bCcpSsv] [-B suffix] [-f flags] [-g group] [-m mode]
               [-o owner] file1 ... fileN directory
       install -d [-v] [-g group] [-m mode] [-o owner] directory ...
DBG 10344: Setting install (install) status to failed (action cont)
DBG 10344: Check install (WITH_INSTALL, action cont (originally cont)) failed: command '/usr/bin/install --version' failed:
/usr/bin/install: illegal option -- -
usage: install [-bCcpSsv] [-B suffix] [-f flags] [-g group] [-m mode]
               [-o owner] file1 file2
       install [-bCcpSsv] [-B suffix] [-f flags] [-g group] [-m mode]
               [-o owner] file1 ... fileN directory
       install -d [-v] [-g group] [-m mode] [-o owner] directory ...
DBG 10344: gnuar: HAS_GNU_AR: ar -V 2>/dev/null | grep -q GNU failed: ar: one of options -dmpqrtsx is required
usage:  ar -d [-TLsv] archive file ...
	ar -m [-TLsv] archive file ...
	ar -m [-abiTLsv] position archive file ...
	ar -p [-TLsv] archive [file ...]
	ar -q [-cTLsv] archive file ...
	ar -r [-cuTLsv] archive file ...
	ar -r [-abciuTLsv] position archive file ...
	ar -t [-TLsv] archive [file ...]
	ar -x [-ouTLsv] archive [file ...]
DBG 10344: Setting gnuar (gnuar) status to failed (action disable)
DBG 10344: Check gnuar (HAS_GNU_AR, action disable (originally disable)) failed: command 'ar -V 2>/dev/null | grep -q GNU' failed:
ar: one of options -dmpqrtsx is required
usage:  ar -d [-TLsv] archive file ...
	ar -m [-TLsv] archive file ...
	ar -m [-abiTLsv] position archive file ...
	ar -p [-TLsv] archive [file ...]
	ar -q [-cTLsv] archive file ...
	ar -r [-cuTLsv] archive file ...
	ar -r [-abciuTLsv] position archive file ...
	ar -t [-TLsv] archive [file ...]
	ar -x [-ouTLsv] archive [file ...]
DBG 10344: Compile check PIC (HAVE_PIC) (sub=0): gcc  -gstrict-dwarf -O2 -Wall -Werror _mkltmpkDcbMF.c -o _mkltmpkDcbMF.c.o  -L/Users/siddharthaneerukonda/Desktop/projects/node_projects/node_with_kafka/node_modules/node-rdkafka/build/deps -fPIC 
DBG 10344: Setting PIC (PIC) status to ok (action disable)
DBG 10344: Compile check gnulib (WITH_GNULD) (sub=0): gcc  -gstrict-dwarf -O2 -fPIC -Wall -Werror _mkltmpmaFqty.c -o _mkltmpmaFqty.c.o  -L/Users/siddharthaneerukonda/Desktop/projects/node_projects/node_with_kafka/node_modules/node-rdkafka/build/deps -shared -Wl,-soname,mkltest.0 
DBG 10344: compile check for gnulib (WITH_GNULD) failed: gcc  -gstrict-dwarf -O2 -fPIC -Wall -Werror _mkltmpmaFqty.c -o _mkltmpmaFqty.c.o  -L/Users/siddharthaneerukonda/Desktop/projects/node_projects/node_with_kafka/node_modules/node-rdkafka/build/deps -shared -Wl,-soname,mkltest.0 : ld: unknown options: -soname 
clang: error: linker command failed with exit code 1 (use -v to see invocation)
DBG 10344: Setting gnulib (gnulib) status to failed (action cont)
DBG 10344: Check gnulib (WITH_GNULD, action cont (originally cont)) failed: compile check failed:
CC: CC
flags: -shared -Wl,-soname,mkltest.0
gcc  -gstrict-dwarf -O2 -fPIC -Wall -Werror _mkltmpmaFqty.c -o _mkltmpmaFqty.c.o  -L/Users/siddharthaneerukonda/Desktop/projects/node_projects/node_with_kafka/node_modules/node-rdkafka/build/deps -shared -Wl,-soname,mkltest.0 :
ld: unknown options: -soname 
clang: error: linker command failed with exit code 1 (use -v to see invocation)
source: 
DBG 10344: Compile check osxlib (WITH_OSXLD) (sub=0): gcc  -gstrict-dwarf -O2 -fPIC -Wall -Werror _mkltmpJs8rfS.c -o _mkltmpJs8rfS.c.o  -L/Users/siddharthaneerukonda/Desktop/projects/node_projects/node_with_kafka/node_modules/node-rdkafka/build/deps -dynamiclib -Wl,-install_name,/tmp/mkltest.so.0 
DBG 10344: Setting osxlib (osxlib) status to ok (action cont)
DBG 10344: Compile check ldsflagvs () (sub=0): gcc  -gstrict-dwarf -O2 -fPIC -Wall -Werror _mkltmpXlCuBJ.c -o _mkltmpXlCuBJ.c.o  -L/Users/siddharthaneerukonda/Desktop/projects/node_projects/node_with_kafka/node_modules/node-rdkafka/build/deps -shared -Wl,--version-script=_mkltmp1rHWaW 
DBG 10344: compile check for ldsflagvs () failed: gcc  -gstrict-dwarf -O2 -fPIC -Wall -Werror _mkltmpXlCuBJ.c -o _mkltmpXlCuBJ.c.o  -L/Users/siddharthaneerukonda/Desktop/projects/node_projects/node_with_kafka/node_modules/node-rdkafka/build/deps -shared -Wl,--version-script=_mkltmp1rHWaW : ld: unknown options: --version-script=_mkltmp1rHWaW 
clang: error: linker command failed with exit code 1 (use -v to see invocation)
DBG 10344: Setting ldsflagvs (ldsflagvs) status to failed (action cont)
DBG 10344: Check ldsflagvs (, action cont (originally cont)) failed: compile check failed:
CC: CC
flags: -shared -Wl,--version-script=_mkltmp1rHWaW
gcc  -gstrict-dwarf -O2 -fPIC -Wall -Werror _mkltmpXlCuBJ.c -o _mkltmpXlCuBJ.c.o  -L/Users/siddharthaneerukonda/Desktop/projects/node_projects/node_with_kafka/node_modules/node-rdkafka/build/deps -shared -Wl,--version-script=_mkltmp1rHWaW :
ld: unknown options: --version-script=_mkltmp1rHWaW 
clang: error: linker command failed with exit code 1 (use -v to see invocation)
source: 
DBG 10344: Compile check ldsflagm () (sub=0): gcc  -gstrict-dwarf -O2 -fPIC -Wall -Werror _mkltmpfNCmdh.c -o _mkltmpfNCmdh.c.o  -L/Users/siddharthaneerukonda/Desktop/projects/node_projects/node_with_kafka/node_modules/node-rdkafka/build/deps -shared -Wl,-M_mkltmp1rHWaW 
DBG 10344: compile check for ldsflagm () failed: gcc  -gstrict-dwarf -O2 -fPIC -Wall -Werror _mkltmpfNCmdh.c -o _mkltmpfNCmdh.c.o  -L/Users/siddharthaneerukonda/Desktop/projects/node_projects/node_with_kafka/node_modules/node-rdkafka/build/deps -shared -Wl,-M_mkltmp1rHWaW : ld: unknown options: -M_mkltmp1rHWaW 
clang: error: linker command failed with exit code 1 (use -v to see invocation)
DBG 10344: Setting ldsflagm (ldsflagm) status to failed (action ignore)
DBG 10344: Check ldsflagm (, action ignore (originally ignore)) failed: compile check failed:
CC: CC
flags: -shared -Wl,-M_mkltmp1rHWaW
gcc  -gstrict-dwarf -O2 -fPIC -Wall -Werror _mkltmpfNCmdh.c -o _mkltmpfNCmdh.c.o  -L/Users/siddharthaneerukonda/Desktop/projects/node_projects/node_with_kafka/node_modules/node-rdkafka/build/deps -shared -Wl,-M_mkltmp1rHWaW :
ld: unknown options: -M_mkltmp1rHWaW 
clang: error: linker command failed with exit code 1 (use -v to see invocation)
source: 
DBG 10344: Compile check __atomic_32 (HAVE_ATOMICS_32) (sub=0): gcc  -gstrict-dwarf -O2 -fPIC -Wall -Werror _mkltmpJAwbpN.c -o _mkltmpJAwbpN.c.o  -L/Users/siddharthaneerukonda/Desktop/projects/node_projects/node_with_kafka/node_modules/node-rdkafka/build/deps  
DBG 10344: Setting __atomic_32 (__atomic_32) status to ok (action cont)
DBG 10344: Compile check __atomic_64 (HAVE_ATOMICS_64) (sub=0): gcc  -gstrict-dwarf -O2 -fPIC -Wall -Werror _mkltmpOiXvOj.c -o _mkltmpOiXvOj.c.o  -L/Users/siddharthaneerukonda/Desktop/projects/node_projects/node_with_kafka/node_modules/node-rdkafka/build/deps  
DBG 10344: Setting __atomic_64 (__atomic_64) status to ok (action cont)
DBG 10344: Compile check socket () (sub=0): gcc  -gstrict-dwarf -O2 -fPIC -Wall -Wsign-compare -Wfloat-equal -Wpointer-arith -Wcast-align -Wall -Werror _mkltmpi0FoSN.c -o _mkltmpi0FoSN.c.o  -L/Users/siddharthaneerukonda/Desktop/projects/node_projects/node_with_kafka/node_modules/node-rdkafka/build/deps  
DBG 10344: Setting socket (socket) status to ok (action cont)
DBG 10344: Setting parseversion (parseversion) status to ok (action cont)
DBG 10344: librt: Check for static library (libs -lrt, arfile variable STATIC_LIB_librt=, static filenames )
DBG 10344: Compile check librt () (sub=0): gcc  -gstrict-dwarf -O2 -fPIC -Wall -Wsign-compare -Wfloat-equal -Wpointer-arith -Wcast-align -Wall -Werror _mkltmpFTAnHo.c -o _mkltmpFTAnHo.c.o  -L/Users/siddharthaneerukonda/Desktop/projects/node_projects/node_with_kafka/node_modules/node-rdkafka/build/deps -lrt 
DBG 10344: compile check for librt () failed: gcc  -gstrict-dwarf -O2 -fPIC -Wall -Wsign-compare -Wfloat-equal -Wpointer-arith -Wcast-align -Wall -Werror _mkltmpFTAnHo.c -o _mkltmpFTAnHo.c.o  -L/Users/siddharthaneerukonda/Desktop/projects/node_projects/node_with_kafka/node_modules/node-rdkafka/build/deps -lrt : ld: library 'rt' not found
clang: error: linker command failed with exit code 1 (use -v to see invocation)
DBG 10344: Setting librt (librt) status to failed (action cont)
DBG 10344: Check librt (, action cont (originally cont)) failed: compile check failed:
CC: CC
flags: -lrt
gcc  -gstrict-dwarf -O2 -fPIC -Wall -Wsign-compare -Wfloat-equal -Wpointer-arith -Wcast-align -Wall -Werror _mkltmpFTAnHo.c -o _mkltmpFTAnHo.c.o  -L/Users/siddharthaneerukonda/Desktop/projects/node_projects/node_with_kafka/node_modules/node-rdkafka/build/deps -lrt :
ld: library 'rt' not found
clang: error: linker command failed with exit code 1 (use -v to see invocation)
source: 
DBG 10344: libpthread: Check for static library (libs -lpthread, arfile variable STATIC_LIB_libpthread=, static filenames )
DBG 10344: Compile check libpthread () (sub=0): gcc  -gstrict-dwarf -O2 -fPIC -Wall -Wsign-compare -Wfloat-equal -Wpointer-arith -Wcast-align -Wall -Werror _mkltmpnk0Htu.c -o _mkltmpnk0Htu.c.o  -L/Users/siddharthaneerukonda/Desktop/projects/node_projects/node_with_kafka/node_modules/node-rdkafka/build/deps -lpthread 
DBG 10344: Setting libpthread (libpthread) status to ok (action fail)
DBG 10344: libpthread: from lib_check: LIBS: prepend -lpthread
DBG 10344: c11threads: Check for static library (libs -lpthread, arfile variable STATIC_LIB_c11threads=, static filenames )
DBG 10344: Compile check c11threads (WITH_C11THREADS) (sub=0): gcc  -gstrict-dwarf -O2 -fPIC -Wall -Wsign-compare -Wfloat-equal -Wpointer-arith -Wcast-align -Wall -Werror _mkltmpoquBs6.c -o _mkltmpoquBs6.c.o  -L/Users/siddharthaneerukonda/Desktop/projects/node_projects/node_with_kafka/node_modules/node-rdkafka/build/deps -lpthread -lpthread
DBG 10344: compile check for c11threads (WITH_C11THREADS) failed: gcc  -gstrict-dwarf -O2 -fPIC -Wall -Wsign-compare -Wfloat-equal -Wpointer-arith -Wcast-align -Wall -Werror _mkltmpoquBs6.c -o _mkltmpoquBs6.c.o  -L/Users/siddharthaneerukonda/Desktop/projects/node_projects/node_with_kafka/node_modules/node-rdkafka/build/deps -lpthread -lpthread: _mkltmpoquBs6.c:2:10: fatal error: 'threads.h' file not found
#include <threads.h>
         ^~~~~~~~~~~
1 error generated.
DBG 10344: Setting c11threads (c11threads) status to failed (action disable)
DBG 10344: Check c11threads (WITH_C11THREADS, action disable (originally disable)) failed: compile check failed:
CC: CC
flags: -lpthread
gcc  -gstrict-dwarf -O2 -fPIC -Wall -Wsign-compare -Wfloat-equal -Wpointer-arith -Wcast-align -Wall -Werror _mkltmpoquBs6.c -o _mkltmpoquBs6.c.o  -L/Users/siddharthaneerukonda/Desktop/projects/node_projects/node_with_kafka/node_modules/node-rdkafka/build/deps -lpthread -lpthread:
_mkltmpoquBs6.c:2:10: fatal error: 'threads.h' file not found
#include <threads.h>
         ^~~~~~~~~~~
1 error generated.
source: 
#include <threads.h>


static int start_func (void *arg) {
   int iarg = *(int *)arg;
   return iarg;
}

void foo (void) {
    thrd_t thr;
    int arg = 1;
    if (thrd_create(&thr, start_func, (void *)&arg) != thrd_success) {
      ;
    }
}

DBG 10344: libdl: Check for static library (libs -ldl, arfile variable STATIC_LIB_libdl=, static filenames )
DBG 10344: Compile check libdl (WITH_LIBDL) (sub=0): gcc  -gstrict-dwarf -O2 -fPIC -Wall -Wsign-compare -Wfloat-equal -Wpointer-arith -Wcast-align -Wall -Werror _mkltmpXEB9Wi.c -o _mkltmpXEB9Wi.c.o  -L/Users/siddharthaneerukonda/Desktop/projects/node_projects/node_with_kafka/node_modules/node-rdkafka/build/deps -ldl -lpthread
DBG 10344: Setting libdl (libdl) status to ok (action disable)
DBG 10344: libdl: from lib_check: LIBS: prepend -ldl
DBG 10344: zlib: Check for static library (libs -lz, arfile variable STATIC_LIB_zlib=, static filenames libz.a)
DBG 10344: Compile check zlib (WITH_ZLIB) (sub=0): gcc  -gstrict-dwarf -O2 -fPIC -Wall -Wsign-compare -Wfloat-equal -Wpointer-arith -Wcast-align -Wall -Werror _mkltmp0ZtY5r.c -o _mkltmp0ZtY5r.c.o  -L/Users/siddharthaneerukonda/Desktop/projects/node_projects/node_with_kafka/node_modules/node-rdkafka/build/deps -lz -ldl -lpthread
DBG 10344: Setting zlib (zlib) status to ok (action disable)
DBG 10344: zlib: from lib_check: LIBS: prepend -lz
DBG 10344: libcrypto: Check for static library (libs -lcrypto, arfile variable STATIC_LIB_libcrypto=, static filenames libcrypto.a)
DBG 10344: Compile check libcrypto () (sub=0): gcc  -gstrict-dwarf -O2 -fPIC -Wall -Wsign-compare -Wfloat-equal -Wpointer-arith -Wcast-align -Wall -Werror _mkltmpNvPdHe.c -o _mkltmpNvPdHe.c.o  -L/Users/siddharthaneerukonda/Desktop/projects/node_projects/node_with_kafka/node_modules/node-rdkafka/build/deps -lcrypto -lz -ldl -lpthread
DBG 10344: compile check for libcrypto () failed: gcc  -gstrict-dwarf -O2 -fPIC -Wall -Wsign-compare -Wfloat-equal -Wpointer-arith -Wcast-align -Wall -Werror _mkltmpNvPdHe.c -o _mkltmpNvPdHe.c.o  -L/Users/siddharthaneerukonda/Desktop/projects/node_projects/node_with_kafka/node_modules/node-rdkafka/build/deps -lcrypto -lz -ldl -lpthread: _mkltmpNvPdHe.c:2:10: fatal error: 'openssl/ssl.h' file not found
#include <openssl/ssl.h>
         ^~~~~~~~~~~~~~~
1 error generated.
DBG 10344: Setting libcrypto (libcrypto) status to failed (action disable)
DBG 10344: Check libcrypto (, action disable (originally disable)) failed: compile check failed:
CC: CC
flags: -lcrypto
gcc  -gstrict-dwarf -O2 -fPIC -Wall -Wsign-compare -Wfloat-equal -Wpointer-arith -Wcast-align -Wall -Werror _mkltmpNvPdHe.c -o _mkltmpNvPdHe.c.o  -L/Users/siddharthaneerukonda/Desktop/projects/node_projects/node_with_kafka/node_modules/node-rdkafka/build/deps -lcrypto -lz -ldl -lpthread:
_mkltmpNvPdHe.c:2:10: fatal error: 'openssl/ssl.h' file not found
#include <openssl/ssl.h>
         ^~~~~~~~~~~~~~~
1 error generated.
source: 
#include <openssl/ssl.h>
#include <openssl/evp.h>
#if OPENSSL_VERSION_NUMBER < 0x1000100fL
#error "Requires OpenSSL version >= v1.0.1"
#endif
DBG 10344: libsasl2: Check for static library (libs -lsasl2, arfile variable STATIC_LIB_libsasl2=, static filenames )
DBG 10344: Compile check libsasl2 (WITH_SASL_CYRUS) (sub=0): gcc  -gstrict-dwarf -O2 -fPIC -Wall -Wsign-compare -Wfloat-equal -Wpointer-arith -Wcast-align -Wall -Werror _mkltmpmXBv8l.c -o _mkltmpmXBv8l.c.o  -L/Users/siddharthaneerukonda/Desktop/projects/node_projects/node_with_kafka/node_modules/node-rdkafka/build/deps -lsasl2 -lz -ldl -lpthread
DBG 10344: Setting libsasl2 (libsasl2) status to ok (action disable)
DBG 10344: libsasl2: from lib_check: LIBS: prepend -lsasl2
DBG 10344: libzstd: Check for static library (libs -lzstd, arfile variable STATIC_LIB_libzstd=, static filenames libzstd.a)
DBG 10344: Compile check libzstd (WITH_ZSTD) (sub=0): gcc  -gstrict-dwarf -O2 -fPIC -Wall -Wsign-compare -Wfloat-equal -Wpointer-arith -Wcast-align -Wall -Werror _mkltmpBodWsB.c -o _mkltmpBodWsB.c.o  -L/Users/siddharthaneerukonda/Desktop/projects/node_projects/node_with_kafka/node_modules/node-rdkafka/build/deps -lzstd -lsasl2 -lz -ldl -lpthread
DBG 10344: compile check for libzstd (WITH_ZSTD) failed: gcc  -gstrict-dwarf -O2 -fPIC -Wall -Wsign-compare -Wfloat-equal -Wpointer-arith -Wcast-align -Wall -Werror _mkltmpBodWsB.c -o _mkltmpBodWsB.c.o  -L/Users/siddharthaneerukonda/Desktop/projects/node_projects/node_with_kafka/node_modules/node-rdkafka/build/deps -lzstd -lsasl2 -lz -ldl -lpthread: _mkltmpBodWsB.c:2:10: fatal error: 'zstd.h' file not found
#include <zstd.h>
         ^~~~~~~~
1 error generated.
DBG 10344: Setting libzstd (libzstd) status to failed (action disable)
DBG 10344: Check libzstd (WITH_ZSTD, action disable (originally disable)) failed: compile check failed:
CC: CC
flags: -lzstd
gcc  -gstrict-dwarf -O2 -fPIC -Wall -Wsign-compare -Wfloat-equal -Wpointer-arith -Wcast-align -Wall -Werror _mkltmpBodWsB.c -o _mkltmpBodWsB.c.o  -L/Users/siddharthaneerukonda/Desktop/projects/node_projects/node_with_kafka/node_modules/node-rdkafka/build/deps -lzstd -lsasl2 -lz -ldl -lpthread:
_mkltmpBodWsB.c:2:10: fatal error: 'zstd.h' file not found
#include <zstd.h>
         ^~~~~~~~
1 error generated.
source: 
#include <zstd.h>
#include <zstd_errors.h>

void foo (void) {
     ZSTD_getFrameContentSize(NULL, 0);
}

DBG 10344: libcurl: Check for static library (libs -lcurl, arfile variable STATIC_LIB_libcurl=, static filenames libcurl.a)
DBG 10344: Compile check libcurl (WITH_CURL) (sub=0): gcc  -gstrict-dwarf -O2 -fPIC -Wall -Wsign-compare -Wfloat-equal -Wpointer-arith -Wcast-align -Wall -Werror _mkltmp7aQnFm.c -o _mkltmp7aQnFm.c.o  -L/Users/siddharthaneerukonda/Desktop/projects/node_projects/node_with_kafka/node_modules/node-rdkafka/build/deps -lcurl -lsasl2 -lz -ldl -lpthread
DBG 10344: Setting libcurl (libcurl) status to ok (action disable)
DBG 10344: libcurl: from lib_check: LIBS: prepend -lcurl
DBG 10344: libm: Check for static library (libs -lm, arfile variable STATIC_LIB_libm=, static filenames )
DBG 10344: Compile check libm () (sub=0): gcc  -gstrict-dwarf -O2 -fPIC -Wall -Wsign-compare -Wfloat-equal -Wpointer-arith -Wcast-align -Wall -Werror _mkltmp2zzERM.c -o _mkltmp2zzERM.c.o  -L/Users/siddharthaneerukonda/Desktop/projects/node_projects/node_with_kafka/node_modules/node-rdkafka/build/deps -lm -lcurl -lsasl2 -lz -ldl -lpthread
DBG 10344: Setting libm (libm) status to ok (action disable)
DBG 10344: libm: from lib_check: LIBS: prepend -lm
DBG 10344: liblz4: Check for static library (libs -llz4, arfile variable STATIC_LIB_liblz4=, static filenames liblz4.a)
DBG 10344: Compile check liblz4 (WITH_LZ4_EXT) (sub=0): gcc  -gstrict-dwarf -O2 -fPIC -Wall -Wsign-compare -Wfloat-equal -Wpointer-arith -Wcast-align -Wall -Werror _mkltmp8AHdFh.c -o _mkltmp8AHdFh.c.o  -L/Users/siddharthaneerukonda/Desktop/projects/node_projects/node_with_kafka/node_modules/node-rdkafka/build/deps -llz4 -lm -lcurl -lsasl2 -lz -ldl -lpthread
DBG 10344: compile check for liblz4 (WITH_LZ4_EXT) failed: gcc  -gstrict-dwarf -O2 -fPIC -Wall -Wsign-compare -Wfloat-equal -Wpointer-arith -Wcast-align -Wall -Werror _mkltmp8AHdFh.c -o _mkltmp8AHdFh.c.o  -L/Users/siddharthaneerukonda/Desktop/projects/node_projects/node_with_kafka/node_modules/node-rdkafka/build/deps -llz4 -lm -lcurl -lsasl2 -lz -ldl -lpthread: _mkltmp8AHdFh.c:1:10: fatal error: 'lz4frame.h' file not found
#include <lz4frame.h>
         ^~~~~~~~~~~~
1 error generated.
DBG 10344: Setting liblz4 (liblz4) status to failed (action disable)
DBG 10344: Check liblz4 (WITH_LZ4_EXT, action disable (originally disable)) failed: compile check failed:
CC: CC
flags: -llz4
gcc  -gstrict-dwarf -O2 -fPIC -Wall -Wsign-compare -Wfloat-equal -Wpointer-arith -Wcast-align -Wall -Werror _mkltmp8AHdFh.c -o _mkltmp8AHdFh.c.o  -L/Users/siddharthaneerukonda/Desktop/projects/node_projects/node_with_kafka/node_modules/node-rdkafka/build/deps -llz4 -lm -lcurl -lsasl2 -lz -ldl -lpthread:
_mkltmp8AHdFh.c:1:10: fatal error: 'lz4frame.h' file not found
#include <lz4frame.h>
         ^~~~~~~~~~~~
1 error generated.
source: #include <lz4frame.h>
DBG 10344: Compile check syslog (WITH_SYSLOG) (sub=0): gcc  -gstrict-dwarf -O2 -fPIC -Wall -Wsign-compare -Wfloat-equal -Wpointer-arith -Wcast-align -Wall -Werror _mkltmpBFSpeG.c -o _mkltmpBFSpeG.c.o  -L/Users/siddharthaneerukonda/Desktop/projects/node_projects/node_with_kafka/node_modules/node-rdkafka/build/deps  -lm -lcurl -lsasl2 -lz -ldl -lpthread
DBG 10344: Setting syslog (syslog) status to ok (action disable)
DBG 10344: Compile check rapidjson (WITH_RAPIDJSON) (sub=0): g++  -gstrict-dwarf -O2 -fPIC -Wall -Wsign-compare -Wfloat-equal -Wpointer-arith -Wcast-align -Wall -Werror _mkltmpgsatkR.cpp -o _mkltmpgsatkR.cpp.o  -L/Users/siddharthaneerukonda/Desktop/projects/node_projects/node_with_kafka/node_modules/node-rdkafka/build/deps  -lm -lcurl -lsasl2 -lz -ldl -lpthread
DBG 10344: compile check for rapidjson (WITH_RAPIDJSON) failed: g++  -gstrict-dwarf -O2 -fPIC -Wall -Wsign-compare -Wfloat-equal -Wpointer-arith -Wcast-align -Wall -Werror _mkltmpgsatkR.cpp -o _mkltmpgsatkR.cpp.o  -L/Users/siddharthaneerukonda/Desktop/projects/node_projects/node_with_kafka/node_modules/node-rdkafka/build/deps  -lm -lcurl -lsasl2 -lz -ldl -lpthread: _mkltmpgsatkR.cpp:1:10: fatal error: 'rapidjson/schema.h' file not found
#include <rapidjson/schema.h>
         ^~~~~~~~~~~~~~~~~~~~
1 error generated.
DBG 10344: Setting rapidjson (rapidjson) status to failed (action disable)
DBG 10344: Check rapidjson (WITH_RAPIDJSON, action disable (originally disable)) failed: compile check failed:
CC: CXX
flags: 
g++  -gstrict-dwarf -O2 -fPIC -Wall -Wsign-compare -Wfloat-equal -Wpointer-arith -Wcast-align -Wall -Werror _mkltmpgsatkR.cpp -o _mkltmpgsatkR.cpp.o  -L/Users/siddharthaneerukonda/Desktop/projects/node_projects/node_with_kafka/node_modules/node-rdkafka/build/deps  -lm -lcurl -lsasl2 -lz -ldl -lpthread:
_mkltmpgsatkR.cpp:1:10: fatal error: 'rapidjson/schema.h' file not found
#include <rapidjson/schema.h>
         ^~~~~~~~~~~~~~~~~~~~
1 error generated.
source: #include <rapidjson/schema.h>
DBG 10344: Compile check crc32chw (WITH_CRC32C_HW) (sub=0): gcc  -gstrict-dwarf -O2 -fPIC -Wall -Wsign-compare -Wfloat-equal -Wpointer-arith -Wcast-align -Wall -Werror _mkltmprdDRky.c -o _mkltmprdDRky.c.o  -L/Users/siddharthaneerukonda/Desktop/projects/node_projects/node_with_kafka/node_modules/node-rdkafka/build/deps  -lm -lcurl -lsasl2 -lz -ldl -lpthread
DBG 10344: compile check for crc32chw (WITH_CRC32C_HW) failed: gcc  -gstrict-dwarf -O2 -fPIC -Wall -Wsign-compare -Wfloat-equal -Wpointer-arith -Wcast-align -Wall -Werror _mkltmprdDRky.c -o _mkltmprdDRky.c.o  -L/Users/siddharthaneerukonda/Desktop/projects/node_projects/node_with_kafka/node_modules/node-rdkafka/build/deps  -lm -lcurl -lsasl2 -lz -ldl -lpthread: _mkltmprdDRky.c:12:14: error: invalid output constraint '=c' in asm
           : "=c"(ecx)
             ^
1 error generated.
DBG 10344: Setting crc32chw (crc32chw) status to failed (action disable)
DBG 10344: Check crc32chw (WITH_CRC32C_HW, action disable (originally disable)) failed: compile check failed:
CC: CC
flags: 
gcc  -gstrict-dwarf -O2 -fPIC -Wall -Wsign-compare -Wfloat-equal -Wpointer-arith -Wcast-align -Wall -Werror _mkltmprdDRky.c -o _mkltmprdDRky.c.o  -L/Users/siddharthaneerukonda/Desktop/projects/node_projects/node_with_kafka/node_modules/node-rdkafka/build/deps  -lm -lcurl -lsasl2 -lz -ldl -lpthread:
_mkltmprdDRky.c:12:14: error: invalid output constraint '=c' in asm
           : "=c"(ecx)
             ^
1 error generated.
source: 
#include <inttypes.h>
#include <stdio.h>
#define LONGx1 "8192"
#define LONGx2 "16384"
void foo (void) {
   const char *n = "abcdefghijklmnopqrstuvwxyz0123456789";
   uint64_t c0 = 0, c1 = 1, c2 = 2;
   uint64_t s;
   uint32_t eax = 1, ecx;
   __asm__("cpuid"
           : "=c"(ecx)
           : "a"(eax)
           : "%ebx", "%edx");
   __asm__("crc32b\t" "(%1), %0"
           : "=r"(c0)
           : "r"(n), "0"(c0));
   __asm__("crc32q\t" "(%3), %0\n\t"
           "crc32q\t" LONGx1 "(%3), %1\n\t"
           "crc32q\t" LONGx2 "(%3), %2"
           : "=r"(c0), "=r"(c1), "=r"(c2)
           : "r"(n), "0"(c0), "1"(c1), "2"(c2));
  s = c0 + c1 + c2;
  printf("avoiding unused code removal by printing %d, %d, %d\n", (int)s, (int)eax, (int)ecx);
}

DBG 10344: Compile check regex (HAVE_REGEX) (sub=0): gcc  -gstrict-dwarf -O2 -fPIC -Wall -Wsign-compare -Wfloat-equal -Wpointer-arith -Wcast-align -Wall -Werror _mkltmpyKcrX5.c -o _mkltmpyKcrX5.c.o  -L/Users/siddharthaneerukonda/Desktop/projects/node_projects/node_with_kafka/node_modules/node-rdkafka/build/deps  -lm -lcurl -lsasl2 -lz -ldl -lpthread
DBG 10344: Setting regex (regex) status to ok (action disable)
DBG 10344: Compile check rand_r (HAVE_RAND_R) (sub=0): gcc  -gstrict-dwarf -O2 -fPIC -Wall -Wsign-compare -Wfloat-equal -Wpointer-arith -Wcast-align -Wall -Werror _mkltmpRE04yd.c -o _mkltmpRE04yd.c.o  -L/Users/siddharthaneerukonda/Desktop/projects/node_projects/node_with_kafka/node_modules/node-rdkafka/build/deps  -lm -lcurl -lsasl2 -lz -ldl -lpthread
DBG 10344: Setting rand_r (rand_r) status to ok (action disable)
DBG 10344: Compile check strndup (HAVE_STRNDUP) (sub=0): gcc  -gstrict-dwarf -O2 -fPIC -Wall -Wsign-compare -Wfloat-equal -Wpointer-arith -Wcast-align -Wall -Werror _mkltmpTKEYlT.c -o _mkltmpTKEYlT.c.o  -L/Users/siddharthaneerukonda/Desktop/projects/node_projects/node_with_kafka/node_modules/node-rdkafka/build/deps  -lm -lcurl -lsasl2 -lz -ldl -lpthread
DBG 10344: Setting strndup (strndup) status to ok (action disable)
DBG 10344: Compile check strlcpy (HAVE_STRLCPY) (sub=0): gcc  -gstrict-dwarf -O2 -fPIC -Wall -Wsign-compare -Wfloat-equal -Wpointer-arith -Wcast-align -Wall -Werror _mkltmpLLbS8H.c -o _mkltmpLLbS8H.c.o  -L/Users/siddharthaneerukonda/Desktop/projects/node_projects/node_with_kafka/node_modules/node-rdkafka/build/deps  -lm -lcurl -lsasl2 -lz -ldl -lpthread
DBG 10344: Setting strlcpy (strlcpy) status to ok (action disable)
DBG 10344: Compile check strerror_r (HAVE_STRERROR_R) (sub=0): gcc  -gstrict-dwarf -O2 -fPIC -Wall -Wsign-compare -Wfloat-equal -Wpointer-arith -Wcast-align -Wall -Werror _mkltmpnk9xPs.c -o _mkltmpnk9xPs.c.o  -L/Users/siddharthaneerukonda/Desktop/projects/node_projects/node_with_kafka/node_modules/node-rdkafka/build/deps  -lm -lcurl -lsasl2 -lz -ldl -lpthread
DBG 10344: Setting strerror_r (strerror_r) status to ok (action disable)
DBG 10344: Compile check strcasestr (HAVE_STRCASESTR) (sub=0): gcc  -gstrict-dwarf -O2 -fPIC -Wall -Wsign-compare -Wfloat-equal -Wpointer-arith -Wcast-align -Wall -Werror _mkltmpnkQNlk.c -o _mkltmpnkQNlk.c.o  -L/Users/siddharthaneerukonda/Desktop/projects/node_projects/node_with_kafka/node_modules/node-rdkafka/build/deps  -lm -lcurl -lsasl2 -lz -ldl -lpthread
DBG 10344: Setting strcasestr (strcasestr) status to ok (action disable)
DBG 10344: Compile check pthread_setname_gnu (HAVE_PTHREAD_SETNAME_GNU) (sub=0): gcc  -gstrict-dwarf -O2 -fPIC -Wall -Wsign-compare -Wfloat-equal -Wpointer-arith -Wcast-align -Wall -Werror _mkltmpLiwmsj.c -o _mkltmpLiwmsj.c.o  -L/Users/siddharthaneerukonda/Desktop/projects/node_projects/node_with_kafka/node_modules/node-rdkafka/build/deps -D_GNU_SOURCE -lpthread -lm -lcurl -lsasl2 -lz -ldl -lpthread
DBG 10344: compile check for pthread_setname_gnu (HAVE_PTHREAD_SETNAME_GNU) failed: gcc  -gstrict-dwarf -O2 -fPIC -Wall -Wsign-compare -Wfloat-equal -Wpointer-arith -Wcast-align -Wall -Werror _mkltmpLiwmsj.c -o _mkltmpLiwmsj.c.o  -L/Users/siddharthaneerukonda/Desktop/projects/node_projects/node_with_kafka/node_modules/node-rdkafka/build/deps -D_GNU_SOURCE -lpthread -lm -lcurl -lsasl2 -lz -ldl -lpthread: _mkltmpLiwmsj.c:5:38: error: too many arguments to function call, expected 1, have 2
  pthread_setname_np(pthread_self(), "abc");
  ~~~~~~~~~~~~~~~~~~                 ^~~~~
/Library/Developer/CommandLineTools/SDKs/MacOSX.sdk/usr/include/pthread.h:535:5: note: 'pthread_setname_np' declared here
int     pthread_setname_np(const char*);
        ^
1 error generated.
DBG 10344: Setting pthread_setname_gnu (pthread_setname_gnu) status to failed (action disable)
DBG 10344: Check pthread_setname_gnu (HAVE_PTHREAD_SETNAME_GNU, action disable (originally disable)) failed: compile check failed:
CC: CC
flags: -D_GNU_SOURCE -lpthread
gcc  -gstrict-dwarf -O2 -fPIC -Wall -Wsign-compare -Wfloat-equal -Wpointer-arith -Wcast-align -Wall -Werror _mkltmpLiwmsj.c -o _mkltmpLiwmsj.c.o  -L/Users/siddharthaneerukonda/Desktop/projects/node_projects/node_with_kafka/node_modules/node-rdkafka/build/deps -D_GNU_SOURCE -lpthread -lm -lcurl -lsasl2 -lz -ldl -lpthread:
_mkltmpLiwmsj.c:5:38: error: too many arguments to function call, expected 1, have 2
  pthread_setname_np(pthread_self(), "abc");
  ~~~~~~~~~~~~~~~~~~                 ^~~~~
/Library/Developer/CommandLineTools/SDKs/MacOSX.sdk/usr/include/pthread.h:535:5: note: 'pthread_setname_np' declared here
int     pthread_setname_np(const char*);
        ^
1 error generated.
source: 
#include <pthread.h>

void foo (void) {
  pthread_setname_np(pthread_self(), "abc");
}

DBG 10344: Compile check pthread_setname_darwin (HAVE_PTHREAD_SETNAME_DARWIN) (sub=0): gcc  -gstrict-dwarf -O2 -fPIC -Wall -Wsign-compare -Wfloat-equal -Wpointer-arith -Wcast-align -Wall -Werror _mkltmpICC4cN.c -o _mkltmpICC4cN.c.o  -L/Users/siddharthaneerukonda/Desktop/projects/node_projects/node_with_kafka/node_modules/node-rdkafka/build/deps -D_DARWIN_C_SOURCE -lpthread -lm -lcurl -lsasl2 -lz -ldl -lpthread
DBG 10344: Setting pthread_setname_darwin (pthread_setname_darwin) status to ok (action disable)
DBG 10344: Setting nm (nm) status to ok (action cont)
DBG 10344: Compile check getrusage (HAVE_GETRUSAGE) (sub=0): gcc  -gstrict-dwarf -O2 -fPIC -Wall -Wsign-compare -Wfloat-equal -Wpointer-arith -Wcast-align -Wall -Werror _mkltmpH6B71O.c -o _mkltmpH6B71O.c.o  -L/Users/siddharthaneerukonda/Desktop/projects/node_projects/node_with_kafka/node_modules/node-rdkafka/build/deps  -lm -lcurl -lsasl2 -lz -ldl -lpthread
DBG 10344: Setting getrusage (getrusage) status to ok (action disable)
